\BOOKMARK [1][-]{section.1}{Og\363lny opis projektu}{}% 1
\BOOKMARK [2][-]{subsection.1.1}{Cel i zakres projektu}{section.1}% 2
\BOOKMARK [2][-]{subsection.1.2}{Kosztorys}{section.1}% 3
\BOOKMARK [2][-]{subsection.1.3}{Opis podobnych rozwiazan }{section.1}% 4
\BOOKMARK [3][-]{subsubsection.1.3.1}{Jakis z neta}{subsection.1.3}% 5
\BOOKMARK [3][-]{subsubsection.1.3.2}{Jakis z neta 2}{subsection.1.3}% 6
\BOOKMARK [1][-]{section.2}{Szczeg\363\233owy opis projektu}{}% 7
\BOOKMARK [2][-]{subsection.2.1}{Rozwiazania techniczne - Przeglad modu\233\363w projektu}{section.2}% 8
\BOOKMARK [3][-]{subsubsection.2.1.1}{Czujnik wilgotnosci i temperatury powietrza: DHT11}{subsection.2.1}% 9
\BOOKMARK [3][-]{subsubsection.2.1.2}{Czujnik natezenia swiat\233a}{subsection.2.1}% 10
\BOOKMARK [3][-]{subsubsection.2.1.3}{Czujnik wilgotnosci gleby FC-28}{subsection.2.1}% 11
\BOOKMARK [3][-]{subsubsection.2.1.4}{Czujnik poziomu wody w zbiorniku}{subsection.2.1}% 12
\BOOKMARK [3][-]{subsubsection.2.1.5}{Wyswietlacz OLED}{subsection.2.1}% 13
\BOOKMARK [3][-]{subsubsection.2.1.6}{Pompka wodna}{subsection.2.1}% 14
\BOOKMARK [3][-]{subsubsection.2.1.7}{Panel sterowania przez Internet: ESP8266}{subsection.2.1}% 15
\BOOKMARK [2][-]{subsection.2.2}{Szczeg\363lne rozwiazania warstwy programowej}{section.2}% 16
\BOOKMARK [3][-]{subsubsection.2.2.1}{P\233ytka rozwojowa UNO}{subsection.2.2}% 17
\BOOKMARK [3][-]{subsubsection.2.2.2}{ESP8266}{subsection.2.2}% 18
\BOOKMARK [3][-]{subsubsection.2.2.3}{Panel sterowania na serwerze}{subsection.2.2}% 19
\BOOKMARK [1][-]{section.3}{Realizacja projektu}{}% 20
\BOOKMARK [2][-]{subsection.3.1}{Problematyka projektu}{section.3}% 21
\BOOKMARK [2][-]{subsection.3.2}{Spos\363b wykonania}{section.3}% 22
\BOOKMARK [2][-]{subsection.3.3}{Problemy napotkane podczas realizacji}{section.3}% 23
\BOOKMARK [3][-]{subsubsection.3.3.1}{Po\233aczenie miedzy UNO, a ESP8266}{subsection.3.3}% 24
\BOOKMARK [1][-]{section.4}{Postepy prac na dzien 25.11 @@@@@ do wyjebania sekcja chyba}{}% 25
\BOOKMARK [1][-]{section.5}{Harmonogram i podzia\233 obowiazk\363w}{}% 26
\BOOKMARK [2][-]{subsection.5.1}{Podzia\233 obowiazk\363w}{section.5}% 27
\BOOKMARK [2][-]{subsection.5.2}{Wstepny schemat blokowy}{section.5}% 28
\BOOKMARK [2][-]{subsection.5.3}{4.11}{section.5}% 29
\BOOKMARK [2][-]{subsection.5.4}{25.11}{section.5}% 30
\BOOKMARK [2][-]{subsection.5.5}{16.12}{section.5}% 31
\BOOKMARK [2][-]{subsection.5.6}{20.01}{section.5}% 32
\BOOKMARK [1][-]{section.6}{Zgodnosc z harmonogramem}{}% 33
\BOOKMARK [2][-]{subsection.6.1}{4.11}{section.6}% 34
\BOOKMARK [2][-]{subsection.6.2}{25.11}{section.6}% 35
\BOOKMARK [2][-]{subsection.6.3}{16.12}{section.6}% 36
\BOOKMARK [2][-]{subsection.6.4}{20.01}{section.6}% 37
\BOOKMARK [1][-]{section.7}{Podsumowanie }{}% 38
\BOOKMARK [2][-]{subsection.7.1}{Pomys\233y na rozw\363j projektu }{section.7}% 39
